app/ITLanBaoProject/build/outputs/logs/manifest-merger-debug-report.txt
-- Merging decision tree log ---
manifest
ADDED from 06\ITLanBaoProject\AndroidManifest.xml:2:1-43:12
	package
		ADDED from 06\ITLanBaoProject\AndroidManifest.xml:3:5-31
	android:versionName
		ADDED from 06\ITLanBaoProject\AndroidManifest.xml:5:5-30
	android:versionCode
		ADDED from 06\ITLanBaoProject\AndroidManifest.xml:4:5-28
		INJECTED from 06\ITLanBaoProject\AndroidManifest.xml
		INJECTED from 06\ITLanBaoProject\AndroidManifest.xml
	xmlns:android
		ADDED from 06\ITLanBaoProject\AndroidManifest.xml:2:11-69
uses-sdk
ADDED from 06\ITLanBaoProject\AndroidManifest.xml:7:5-9:41
MERGED from [06:ITLanBaoBaseLib:unspecified] AndroidManifest.xml:8:5-43
	android:targetSdkVersion
		ADDED from 06\ITLanBaoProject\AndroidManifest.xml:9:9-38
	android:minSdkVersion
		ADDED from 06\ITLanBaoProject\AndroidManifest.xml:8:9-34
uses-permission#android.permission.WRITE_EXTERNAL_STORAGE
ADDED from 06\ITLanBaoProject\AndroidManifest.xml:11:6-82
	android:name
		ADDED from 06\ITLanBaoProject\AndroidManifest.xml:11:23-79
uses-permission#android.permission.INTERNET
ADDED from 06\ITLanBaoProject\AndroidManifest.xml:12:6-68
	android:name
		ADDED from 06\ITLanBaoProject\AndroidManifest.xml:12:23-65
uses-permission#android.permission.MOUNT_UNMOUNT_FILESYSTEMS
ADDED from 06\ITLanBaoProject\AndroidManifest.xml:14:5-84
	android:name
		ADDED from 06\ITLanBaoProject\AndroidManifest.xml:14:22-81
uses-permission#android.permission.READ_EXTERNAL_STORAGE
ADDED from 06\ITLanBaoProject\AndroidManifest.xml:18:5-96
	android:name
		ADDED from 06\ITLanBaoProject\AndroidManifest.xml:18:22-77
application
ADDED from 06\ITLanBaoProject\AndroidManifest.xml:22:5-41:19
	android:label
		ADDED from 06\ITLanBaoProject\AndroidManifest.xml:26:9-41
	android:allowBackup
		ADDED from 06\ITLanBaoProject\AndroidManifest.xml:24:9-35
	android:icon
		ADDED from 06\ITLanBaoProject\AndroidManifest.xml:25:9-45
	android:theme
		ADDED from 06\ITLanBaoProject\AndroidManifest.xml:27:9-40
	android:name
		ADDED from 06\ITLanBaoProject\AndroidManifest.xml:23:10-61
activity#com.itlanbao.app.activity.MainActivity
ADDED from 06\ITLanBaoProject\AndroidManifest.xml:28:9-37:20
	android:label
		ADDED from 06\ITLanBaoProject\AndroidManifest.xml:30:13-45
	android:theme
		ADDED from 06\ITLanBaoProject\AndroidManifest.xml:31:13-52
	android:name
		ADDED from 06\ITLanBaoProject\AndroidManifest.xml:29:13-66
intent-filter#android.intent.action.MAIN+android.intent.category.LAUNCHER
ADDED from 06\ITLanBaoProject\AndroidManifest.xml:32:13-36:29
action#android.intent.action.MAIN
ADDED from 06\ITLanBaoProject\AndroidManifest.xml:33:17-69
	android:name
		ADDED from 06\ITLanBaoProject\AndroidManifest.xml:33:25-66
category#android.intent.category.LAUNCHER
ADDED from 06\ITLanBaoProject\AndroidManifest.xml:35:17-77
	android:name
		ADDED from 06\ITLanBaoProject\AndroidManifest.xml:35:27-74
activity#com.itlanbao.applib.BaseClipImageActivity
ADDED from 06\ITLanBaoProject\AndroidManifest.xml:40:9-87
	android:name
		ADDED from 06\ITLanBaoProject\AndroidManifest.xml:40:19-75
supports-screens
ADDED from [06:ITLanBaoBaseLib:unspecified] AndroidManifest.xml:10:5-15:39
	android:largeScreens
		ADDED from [06:ITLanBaoBaseLib:unspecified] AndroidManifest.xml:12:9-36
	android:smallScreens
		ADDED from [06:ITLanBaoBaseLib:unspecified] AndroidManifest.xml:15:9-36
	android:normalScreens
		ADDED from [06:ITLanBaoBaseLib:unspecified] AndroidManifest.xml:13:9-37
	android:resizeable
		ADDED from [06:ITLanBaoBaseLib:unspecified] AndroidManifest.xml:14:9-34
	android:anyDensity
		ADDED from [06:ITLanBaoBaseLib:unspecified] AndroidManifest.xml:11:9-34